<?xml version="1.0" encoding="UTF-8"?>
<testsuites>
  <testsuite name="Tests\Audit\ReleaseReadinessTest" file="C:\Users\albay\cari-takip\tests\Audit\ReleaseReadinessTest.php" tests="22" assertions="58" errors="0" failures="19" skipped="0" time="10.076398">
    <testsuite name="Tests\Audit\ReleaseReadinessTest::test_registered_resource_endpoints_do_not_crash" tests="19" assertions="19" errors="0" failures="19" skipped="0" time="9.958475">
      <testcase name="test_registered_resource_endpoints_do_not_crash with data set &quot;GET /contacts/1/edit&quot;" file="C:\Users\albay\cari-takip\tests\Audit\ReleaseReadinessTest.php" line="108" class="Tests\Audit\ReleaseReadinessTest" classname="Tests.Audit.ReleaseReadinessTest" assertions="1" time="1.599726">
        <failure type="PHPUnit\Framework\ExpectationFailedException">Tests\Audit\ReleaseReadinessTest::test_registered_resource_endpoints_do_not_crash with data set "GET /contacts/1/edit"&#13;
GET /contacts/1/edit returned 500
Failed asserting that 500 is less than 500.
&#13;
C:\Users\albay\cari-takip\tests\Audit\ReleaseReadinessTest.php:113</failure>
        <system-out>﻿﻿</system-out>
      </testcase>
      <testcase name="test_registered_resource_endpoints_do_not_crash with data set &quot;PUT /contacts/1&quot;" file="C:\Users\albay\cari-takip\tests\Audit\ReleaseReadinessTest.php" line="108" class="Tests\Audit\ReleaseReadinessTest" classname="Tests.Audit.ReleaseReadinessTest" assertions="1" time="0.455678">
        <failure type="PHPUnit\Framework\ExpectationFailedException">Tests\Audit\ReleaseReadinessTest::test_registered_resource_endpoints_do_not_crash with data set "PUT /contacts/1"&#13;
PUT /contacts/1 returned 500
Failed asserting that 500 is less than 500.
&#13;
C:\Users\albay\cari-takip\tests\Audit\ReleaseReadinessTest.php:113</failure>
      </testcase>
      <testcase name="test_registered_resource_endpoints_do_not_crash with data set &quot;PATCH /contacts/1&quot;" file="C:\Users\albay\cari-takip\tests\Audit\ReleaseReadinessTest.php" line="108" class="Tests\Audit\ReleaseReadinessTest" classname="Tests.Audit.ReleaseReadinessTest" assertions="1" time="0.447436">
        <failure type="PHPUnit\Framework\ExpectationFailedException">Tests\Audit\ReleaseReadinessTest::test_registered_resource_endpoints_do_not_crash with data set "PATCH /contacts/1"&#13;
PATCH /contacts/1 returned 500
Failed asserting that 500 is less than 500.
&#13;
C:\Users\albay\cari-takip\tests\Audit\ReleaseReadinessTest.php:113</failure>
      </testcase>
      <testcase name="test_registered_resource_endpoints_do_not_crash with data set &quot;DELETE /contacts/1&quot;" file="C:\Users\albay\cari-takip\tests\Audit\ReleaseReadinessTest.php" line="108" class="Tests\Audit\ReleaseReadinessTest" classname="Tests.Audit.ReleaseReadinessTest" assertions="1" time="0.451245">
        <failure type="PHPUnit\Framework\ExpectationFailedException">Tests\Audit\ReleaseReadinessTest::test_registered_resource_endpoints_do_not_crash with data set "DELETE /contacts/1"&#13;
DELETE /contacts/1 returned 500
Failed asserting that 500 is less than 500.
&#13;
C:\Users\albay\cari-takip\tests\Audit\ReleaseReadinessTest.php:113</failure>
      </testcase>
      <testcase name="test_registered_resource_endpoints_do_not_crash with data set &quot;GET /products/1/edit&quot;" file="C:\Users\albay\cari-takip\tests\Audit\ReleaseReadinessTest.php" line="108" class="Tests\Audit\ReleaseReadinessTest" classname="Tests.Audit.ReleaseReadinessTest" assertions="1" time="0.471131">
        <failure type="PHPUnit\Framework\ExpectationFailedException">Tests\Audit\ReleaseReadinessTest::test_registered_resource_endpoints_do_not_crash with data set "GET /products/1/edit"&#13;
GET /products/1/edit returned 500
Failed asserting that 500 is less than 500.
&#13;
C:\Users\albay\cari-takip\tests\Audit\ReleaseReadinessTest.php:113</failure>
      </testcase>
      <testcase name="test_registered_resource_endpoints_do_not_crash with data set &quot;PUT /products/1&quot;" file="C:\Users\albay\cari-takip\tests\Audit\ReleaseReadinessTest.php" line="108" class="Tests\Audit\ReleaseReadinessTest" classname="Tests.Audit.ReleaseReadinessTest" assertions="1" time="0.435921">
        <failure type="PHPUnit\Framework\ExpectationFailedException">Tests\Audit\ReleaseReadinessTest::test_registered_resource_endpoints_do_not_crash with data set "PUT /products/1"&#13;
PUT /products/1 returned 500
Failed asserting that 500 is less than 500.
&#13;
C:\Users\albay\cari-takip\tests\Audit\ReleaseReadinessTest.php:113</failure>
      </testcase>
      <testcase name="test_registered_resource_endpoints_do_not_crash with data set &quot;PATCH /products/1&quot;" file="C:\Users\albay\cari-takip\tests\Audit\ReleaseReadinessTest.php" line="108" class="Tests\Audit\ReleaseReadinessTest" classname="Tests.Audit.ReleaseReadinessTest" assertions="1" time="0.491658">
        <failure type="PHPUnit\Framework\ExpectationFailedException">Tests\Audit\ReleaseReadinessTest::test_registered_resource_endpoints_do_not_crash with data set "PATCH /products/1"&#13;
PATCH /products/1 returned 500
Failed asserting that 500 is less than 500.
&#13;
C:\Users\albay\cari-takip\tests\Audit\ReleaseReadinessTest.php:113</failure>
      </testcase>
      <testcase name="test_registered_resource_endpoints_do_not_crash with data set &quot;DELETE /products/1&quot;" file="C:\Users\albay\cari-takip\tests\Audit\ReleaseReadinessTest.php" line="108" class="Tests\Audit\ReleaseReadinessTest" classname="Tests.Audit.ReleaseReadinessTest" assertions="1" time="0.450427">
        <failure type="PHPUnit\Framework\ExpectationFailedException">Tests\Audit\ReleaseReadinessTest::test_registered_resource_endpoints_do_not_crash with data set "DELETE /products/1"&#13;
DELETE /products/1 returned 500
Failed asserting that 500 is less than 500.
&#13;
C:\Users\albay\cari-takip\tests\Audit\ReleaseReadinessTest.php:113</failure>
      </testcase>
      <testcase name="test_registered_resource_endpoints_do_not_crash with data set &quot;GET /sales/1/edit&quot;" file="C:\Users\albay\cari-takip\tests\Audit\ReleaseReadinessTest.php" line="108" class="Tests\Audit\ReleaseReadinessTest" classname="Tests.Audit.ReleaseReadinessTest" assertions="1" time="0.483325">
        <failure type="PHPUnit\Framework\ExpectationFailedException">Tests\Audit\ReleaseReadinessTest::test_registered_resource_endpoints_do_not_crash with data set "GET /sales/1/edit"&#13;
GET /sales/1/edit returned 500
Failed asserting that 500 is less than 500.
&#13;
C:\Users\albay\cari-takip\tests\Audit\ReleaseReadinessTest.php:113</failure>
      </testcase>
      <testcase name="test_registered_resource_endpoints_do_not_crash with data set &quot;PUT /sales/1&quot;" file="C:\Users\albay\cari-takip\tests\Audit\ReleaseReadinessTest.php" line="108" class="Tests\Audit\ReleaseReadinessTest" classname="Tests.Audit.ReleaseReadinessTest" assertions="1" time="0.472294">
        <failure type="PHPUnit\Framework\ExpectationFailedException">Tests\Audit\ReleaseReadinessTest::test_registered_resource_endpoints_do_not_crash with data set "PUT /sales/1"&#13;
PUT /sales/1 returned 500
Failed asserting that 500 is less than 500.
&#13;
C:\Users\albay\cari-takip\tests\Audit\ReleaseReadinessTest.php:113</failure>
      </testcase>
      <testcase name="test_registered_resource_endpoints_do_not_crash with data set &quot;PATCH /sales/1&quot;" file="C:\Users\albay\cari-takip\tests\Audit\ReleaseReadinessTest.php" line="108" class="Tests\Audit\ReleaseReadinessTest" classname="Tests.Audit.ReleaseReadinessTest" assertions="1" time="0.468089">
        <failure type="PHPUnit\Framework\ExpectationFailedException">Tests\Audit\ReleaseReadinessTest::test_registered_resource_endpoints_do_not_crash with data set "PATCH /sales/1"&#13;
PATCH /sales/1 returned 500
Failed asserting that 500 is less than 500.
&#13;
C:\Users\albay\cari-takip\tests\Audit\ReleaseReadinessTest.php:113</failure>
      </testcase>
      <testcase name="test_registered_resource_endpoints_do_not_crash with data set &quot;GET /purchases/1/edit&quot;" file="C:\Users\albay\cari-takip\tests\Audit\ReleaseReadinessTest.php" line="108" class="Tests\Audit\ReleaseReadinessTest" classname="Tests.Audit.ReleaseReadinessTest" assertions="1" time="0.474876">
        <failure type="PHPUnit\Framework\ExpectationFailedException">Tests\Audit\ReleaseReadinessTest::test_registered_resource_endpoints_do_not_crash with data set "GET /purchases/1/edit"&#13;
GET /purchases/1/edit returned 500
Failed asserting that 500 is less than 500.
&#13;
C:\Users\albay\cari-takip\tests\Audit\ReleaseReadinessTest.php:113</failure>
      </testcase>
      <testcase name="test_registered_resource_endpoints_do_not_crash with data set &quot;PUT /purchases/1&quot;" file="C:\Users\albay\cari-takip\tests\Audit\ReleaseReadinessTest.php" line="108" class="Tests\Audit\ReleaseReadinessTest" classname="Tests.Audit.ReleaseReadinessTest" assertions="1" time="0.475910">
        <failure type="PHPUnit\Framework\ExpectationFailedException">Tests\Audit\ReleaseReadinessTest::test_registered_resource_endpoints_do_not_crash with data set "PUT /purchases/1"&#13;
PUT /purchases/1 returned 500
Failed asserting that 500 is less than 500.
&#13;
C:\Users\albay\cari-takip\tests\Audit\ReleaseReadinessTest.php:113</failure>
      </testcase>
      <testcase name="test_registered_resource_endpoints_do_not_crash with data set &quot;PATCH /purchases/1&quot;" file="C:\Users\albay\cari-takip\tests\Audit\ReleaseReadinessTest.php" line="108" class="Tests\Audit\ReleaseReadinessTest" classname="Tests.Audit.ReleaseReadinessTest" assertions="1" time="0.483413">
        <failure type="PHPUnit\Framework\ExpectationFailedException">Tests\Audit\ReleaseReadinessTest::test_registered_resource_endpoints_do_not_crash with data set "PATCH /purchases/1"&#13;
PATCH /purchases/1 returned 500
Failed asserting that 500 is less than 500.
&#13;
C:\Users\albay\cari-takip\tests\Audit\ReleaseReadinessTest.php:113</failure>
      </testcase>
      <testcase name="test_registered_resource_endpoints_do_not_crash with data set &quot;GET /cash/1/edit&quot;" file="C:\Users\albay\cari-takip\tests\Audit\ReleaseReadinessTest.php" line="108" class="Tests\Audit\ReleaseReadinessTest" classname="Tests.Audit.ReleaseReadinessTest" assertions="1" time="0.465273">
        <failure type="PHPUnit\Framework\ExpectationFailedException">Tests\Audit\ReleaseReadinessTest::test_registered_resource_endpoints_do_not_crash with data set "GET /cash/1/edit"&#13;
GET /cash/1/edit returned 500
Failed asserting that 500 is less than 500.
&#13;
C:\Users\albay\cari-takip\tests\Audit\ReleaseReadinessTest.php:113</failure>
      </testcase>
      <testcase name="test_registered_resource_endpoints_do_not_crash with data set &quot;PUT /cash/1&quot;" file="C:\Users\albay\cari-takip\tests\Audit\ReleaseReadinessTest.php" line="108" class="Tests\Audit\ReleaseReadinessTest" classname="Tests.Audit.ReleaseReadinessTest" assertions="1" time="0.454119">
        <failure type="PHPUnit\Framework\ExpectationFailedException">Tests\Audit\ReleaseReadinessTest::test_registered_resource_endpoints_do_not_crash with data set "PUT /cash/1"&#13;
PUT /cash/1 returned 500
Failed asserting that 500 is less than 500.
&#13;
C:\Users\albay\cari-takip\tests\Audit\ReleaseReadinessTest.php:113</failure>
      </testcase>
      <testcase name="test_registered_resource_endpoints_do_not_crash with data set &quot;PATCH /cash/1&quot;" file="C:\Users\albay\cari-takip\tests\Audit\ReleaseReadinessTest.php" line="108" class="Tests\Audit\ReleaseReadinessTest" classname="Tests.Audit.ReleaseReadinessTest" assertions="1" time="0.477326">
        <failure type="PHPUnit\Framework\ExpectationFailedException">Tests\Audit\ReleaseReadinessTest::test_registered_resource_endpoints_do_not_crash with data set "PATCH /cash/1"&#13;
PATCH /cash/1 returned 500
Failed asserting that 500 is less than 500.
&#13;
C:\Users\albay\cari-takip\tests\Audit\ReleaseReadinessTest.php:113</failure>
      </testcase>
      <testcase name="test_registered_resource_endpoints_do_not_crash with data set &quot;DELETE /cash/1&quot;" file="C:\Users\albay\cari-takip\tests\Audit\ReleaseReadinessTest.php" line="108" class="Tests\Audit\ReleaseReadinessTest" classname="Tests.Audit.ReleaseReadinessTest" assertions="1" time="0.465954">
        <failure type="PHPUnit\Framework\ExpectationFailedException">Tests\Audit\ReleaseReadinessTest::test_registered_resource_endpoints_do_not_crash with data set "DELETE /cash/1"&#13;
DELETE /cash/1 returned 500
Failed asserting that 500 is less than 500.
&#13;
C:\Users\albay\cari-takip\tests\Audit\ReleaseReadinessTest.php:113</failure>
      </testcase>
      <testcase name="test_registered_resource_endpoints_do_not_crash with data set &quot;GET /cash/1&quot;" file="C:\Users\albay\cari-takip\tests\Audit\ReleaseReadinessTest.php" line="108" class="Tests\Audit\ReleaseReadinessTest" classname="Tests.Audit.ReleaseReadinessTest" assertions="1" time="0.434673">
        <failure type="PHPUnit\Framework\ExpectationFailedException">Tests\Audit\ReleaseReadinessTest::test_registered_resource_endpoints_do_not_crash with data set "GET /cash/1"&#13;
GET /cash/1 returned 500
Failed asserting that 500 is less than 500.
&#13;
C:\Users\albay\cari-takip\tests\Audit\ReleaseReadinessTest.php:113</failure>
      </testcase>
    </testsuite>
    <testcase name="test_guest_pages_protected_pages_and_logout" file="C:\Users\albay\cari-takip\tests\Audit\ReleaseReadinessTest.php" line="116" class="Tests\Audit\ReleaseReadinessTest" classname="Tests.Audit.ReleaseReadinessTest" assertions="23" time="0.045292"/>
    <testcase name="test_empty_forms_return_validation_errors_instead_of_500" file="C:\Users\albay\cari-takip\tests\Audit\ReleaseReadinessTest.php" line="153" class="Tests\Audit\ReleaseReadinessTest" classname="Tests.Audit.ReleaseReadinessTest" assertions="15" time="0.042161"/>
    <testcase name="test_registration_with_long_password_is_handled_without_500" file="C:\Users\albay\cari-takip\tests\Audit\ReleaseReadinessTest.php" line="238" class="Tests\Audit\ReleaseReadinessTest" classname="Tests.Audit.ReleaseReadinessTest" assertions="1" time="0.030471"/>
  </testsuite>
</testsuites>
